===================================
Festival 3.1
Copyright 2019-2022 by Yaron Shoham
===================================
detected 24 cores
detected 31 GB memory
using 8 threads

=================
Level 1
=================

Level 1:
  0123456789
0           
1           
2           
3           
4           
5         ₫ 
6        ₫  
7       ₫   
8   .₫      
9           

  0123456789
0           
1           
2           
3        .₫ 
4        .. 
5        ₫. 
6        .. 
7      .... 
8   .....₫₫ 
9           


SOLVED!
Used #cores=8
